2021-04-24 13:36:28 INFO  StatsInterceptor:25 - [preHandle][SecurityContextHolderAwareRequestWrapper[ org.springframework.security.web.header.HeaderWriterFilter$HeaderWriterRequest@6d62da66]][GET][/login]
2021-04-24 13:36:28 INFO  StatsInterceptor:25 - [preHandle][SecurityContextHolderAwareRequestWrapper[ org.springframework.security.web.header.HeaderWriterFilter$HeaderWriterRequest@60c3766b]][GET][/js/bootstrap.min.js]
2021-04-24 13:36:28 INFO  StatsInterceptor:25 - [preHandle][SecurityContextHolderAwareRequestWrapper[ org.springframework.security.web.header.HeaderWriterFilter$HeaderWriterRequest@53dc0143]][GET][/css/style.css]
2021-04-24 13:36:28 INFO  StatsInterceptor:25 - [preHandle][SecurityContextHolderAwareRequestWrapper[ org.springframework.security.web.header.HeaderWriterFilter$HeaderWriterRequest@4dd8b211]][GET][/css/reset.css]
2021-04-24 13:36:28 INFO  StatsInterceptor:25 - [preHandle][SecurityContextHolderAwareRequestWrapper[ org.springframework.security.web.header.HeaderWriterFilter$HeaderWriterRequest@601c35ea]][GET][/js/script.js]
2021-04-24 13:36:28 INFO  StatsInterceptor:25 - [preHandle][SecurityContextHolderAwareRequestWrapper[ org.springframework.security.web.header.HeaderWriterFilter$HeaderWriterRequest@70fc908f]][GET][/js/jquery-3.3.1.min.js]
2021-04-24 13:36:28 INFO  StatsInterceptor:25 - [preHandle][SecurityContextHolderAwareRequestWrapper[ org.springframework.security.web.header.HeaderWriterFilter$HeaderWriterRequest@2ea0d6dc]][GET][/css/bootstrap.min.css]
2021-04-24 13:36:32 INFO  StatsInterceptor:25 - [preHandle][org.springframework.security.web.header.HeaderWriterFilter$HeaderWriterRequest@51fa5011][POST][/home]
2021-04-24 13:36:32 INFO  StatsInterceptor:25 - [preHandle][SecurityContextHolderAwareRequestWrapper[ org.springframework.security.web.header.HeaderWriterFilter$HeaderWriterRequest@6b268]][GET][/home]
2021-04-24 13:36:32 INFO  StatsInterceptor:25 - [preHandle][SecurityContextHolderAwareRequestWrapper[ org.springframework.security.web.header.HeaderWriterFilter$HeaderWriterRequest@1c26ff73]][GET][/js/jquery-3.3.1.min.js]
2021-04-24 13:36:32 INFO  StatsInterceptor:25 - [preHandle][SecurityContextHolderAwareRequestWrapper[ org.springframework.security.web.header.HeaderWriterFilter$HeaderWriterRequest@11788c6a]][GET][/js/bootstrap.min.js]
2021-04-24 13:36:32 INFO  StatsInterceptor:25 - [preHandle][SecurityContextHolderAwareRequestWrapper[ org.springframework.security.web.header.HeaderWriterFilter$HeaderWriterRequest@7dd97006]][GET][/css/reset.css]
2021-04-24 13:36:32 INFO  StatsInterceptor:25 - [preHandle][SecurityContextHolderAwareRequestWrapper[ org.springframework.security.web.header.HeaderWriterFilter$HeaderWriterRequest@47ed6321]][GET][/js/script.js]
2021-04-24 13:36:32 INFO  StatsInterceptor:25 - [preHandle][SecurityContextHolderAwareRequestWrapper[ org.springframework.security.web.header.HeaderWriterFilter$HeaderWriterRequest@1f3df19e]][GET][/css/style.css]
2021-04-24 13:36:32 INFO  StatsInterceptor:25 - [preHandle][SecurityContextHolderAwareRequestWrapper[ org.springframework.security.web.header.HeaderWriterFilter$HeaderWriterRequest@1ed6c30a]][GET][/css/bootstrap.min.css]
2021-04-24 13:36:38 INFO  StatsInterceptor:25 - [preHandle][SecurityContextHolderAwareRequestWrapper[ org.springframework.security.web.header.HeaderWriterFilter$HeaderWriterRequest@5f298594]][GET][/items/all/pageable]
2021-04-24 13:36:39 INFO  StatsInterceptor:25 - [preHandle][SecurityContextHolderAwareRequestWrapper[ org.springframework.security.web.header.HeaderWriterFilter$HeaderWriterRequest@5071733b]][GET][/css/reset.css]
2021-04-24 13:36:39 INFO  StatsInterceptor:25 - [preHandle][SecurityContextHolderAwareRequestWrapper[ org.springframework.security.web.header.HeaderWriterFilter$HeaderWriterRequest@26853115]][GET][/css/style.css]
2021-04-24 13:36:39 INFO  StatsInterceptor:25 - [preHandle][SecurityContextHolderAwareRequestWrapper[ org.springframework.security.web.header.HeaderWriterFilter$HeaderWriterRequest@69f9b5c7]][GET][/js/bootstrap.min.js]
2021-04-24 13:36:39 INFO  StatsInterceptor:25 - [preHandle][SecurityContextHolderAwareRequestWrapper[ org.springframework.security.web.header.HeaderWriterFilter$HeaderWriterRequest@5b66845e]][GET][/css/bootstrap.min.css]
2021-04-24 13:36:39 INFO  StatsInterceptor:25 - [preHandle][SecurityContextHolderAwareRequestWrapper[ org.springframework.security.web.header.HeaderWriterFilter$HeaderWriterRequest@6614614d]][GET][/js/jquery-3.3.1.min.js]
2021-04-24 13:36:39 INFO  StatsInterceptor:25 - [preHandle][SecurityContextHolderAwareRequestWrapper[ org.springframework.security.web.header.HeaderWriterFilter$HeaderWriterRequest@55256704]][GET][/js/script.js]
